<?xml version="1.0" encoding="UTF-8"?>
<!-- Generated by org.testng.reporters.JUnitReportReporter -->
<testsuite hostname="DESKTOP-E9NU9A2" failures="0" tests="1" name="com.pivotcoachingacademy.AutomationFramework.SearchResultPageTest" time="12.346" errors="0" timestamp="2024-02-05T18:52:48 EST" skipped="0">
  <testcase classname="com.pivotcoachingacademy.AutomationFramework.SearchResultPageTest" name="validateAddToCart" time="12.346"/>
</testsuite> <!-- com.pivotcoachingacademy.AutomationFramework.SearchResultPageTest -->
