<?xml version="1.0" encoding="UTF-8"?>
<!-- Generated by org.testng.reporters.JUnitReportReporter -->
<testsuite hostname="DESKTOP-E9NU9A2" failures="0" tests="1" name="com.pivotcoachingacademy.AutomationFramework.CheckoutPageTest" time="14.273" errors="0" timestamp="2024-02-05T18:58:18 EST" skipped="0">
  <testcase classname="com.pivotcoachingacademy.AutomationFramework.CheckoutPageTest" name="validateUserOnCheckoutPageAfterAddingProducts" time="14.273"/>
</testsuite> <!-- com.pivotcoachingacademy.AutomationFramework.CheckoutPageTest -->
