<?xml version="1.0" encoding="UTF-8"?>
<!-- Generated by org.testng.reporters.JUnitReportReporter -->
<testsuite hostname="NishaAbishek" failures="0" tests="1" name="com.pivotcoachingacademy.AutomationFramework.Tests.ProductReturnsTest" time="7.293" errors="0" timestamp="2024-02-12T02:14:49 MST" skipped="0">
  <testcase classname="com.pivotcoachingacademy.AutomationFramework.Tests.ProductReturnsTest" name="validateOrderDateField" time="7.293"/>
  <system-out/>
</testsuite> <!-- com.pivotcoachingacademy.AutomationFramework.Tests.ProductReturnsTest -->
